<?xml version='1.0' encoding='UTF-8'?>
<testsuite hostname="MacBook-Pro-de-Aurelia.local" name="funsets.FunSetSuite" tests="8" errors="0" failures="0" skipped="0" time="0.137" timestamp="2020-04-05T10:22:07">
                     <properties>
[...]
</properties>
                     <testcase classname="funsets.FunSetSuite" name="filter returns elements of a set on which a predicat holds" time="0.112">
                                                 
                                               </testcase><testcase classname="funsets.FunSetSuite" name="check if a bounded integer exists in a set" time="0.009">
                                                 
                                               </testcase><testcase classname="funsets.FunSetSuite" name="check if all bounded integers within a set satisfy a predicat" time="0.004">
                                                 
                                               </testcase><testcase classname="funsets.FunSetSuite" name="singleton set one contains one" time="0.002">
                                                 
                                               </testcase><testcase classname="funsets.FunSetSuite" name="intersection contains all elements in common in each set" time="0.003">
                                                 
                                               </testcase><testcase classname="funsets.FunSetSuite" name="diff contains all elements in one set which are not in the other set" time="0.002">
                                                 
                                               </testcase><testcase classname="funsets.FunSetSuite" name="union contains all elements of each set" time="0.004">
                                                 
                                               </testcase><testcase classname="funsets.FunSetSuite" name="contains is implemented" time="0.001">
                                                 
                                               </testcase>
                     <system-out><![CDATA[]]></system-out>
                     <system-err><![CDATA[]]></system-err>
                   </testsuite>